app/build/intermediates/manifest_merge_blame_file/debug/manifest-merger-blame-debug-report.txt
1<?xml version="1.0" encoding="utf-8"?>
2<manifest xmlns:android="http://schemas.android.com/apk/res/android"
3    package="com.example.accountauthenticationdemo"
4    android:versionCode="1"
5    android:versionName="1.0" >
6
7    <uses-sdk
8        android:minSdkVersion="21"
8-->src\main\AndroidManifest.xml
9        android:targetSdkVersion="29" />
9-->src\main\AndroidManifest.xml
10
11    <uses-permission android:name="android.permission.INTERNET" />
11-->src\main\AndroidManifest.xml:5:5-67
11-->src\main\AndroidManifest.xml:5:22-64
12    <uses-permission android:name="android.permission.ACCESS_NETWORK_STATE" />
12-->[com.google.android.gms:play-services-measurement-api:17.4.3] AndroidManifest.xml:23:5-79
12-->[com.google.android.gms:play-services-measurement-api:17.4.3] AndroidManifest.xml:23:22-76
13    <uses-permission android:name="android.permission.WAKE_LOCK" /> <!-- Required by older versions of Google Play services to create IID tokens -->
13-->[com.google.android.gms:play-services-measurement-api:17.4.3] AndroidManifest.xml:24:5-68
13-->[com.google.android.gms:play-services-measurement-api:17.4.3] AndroidManifest.xml:24:22-65
14    <uses-permission android:name="com.google.android.c2dm.permission.RECEIVE" />
14-->[com.google.firebase:firebase-iid:20.1.5] AndroidManifest.xml:26:5-82
14-->[com.google.firebase:firebase-iid:20.1.5] AndroidManifest.xml:26:22-79
15    <uses-permission android:name="com.google.android.finsky.permission.BIND_GET_INSTALL_REFERRER_SERVICE" />
15-->[com.google.android.gms:play-services-measurement:17.4.3] AndroidManifest.xml:26:5-110
15-->[com.google.android.gms:play-services-measurement:17.4.3] AndroidManifest.xml:26:22-107
16
17    <application
17-->src\main\AndroidManifest.xml:7:5-22:19
18        android:appComponentFactory="androidx.core.app.CoreComponentFactory"
18-->[androidx.core:core:1.1.0] AndroidManifest.xml:24:18-86
19        android:debuggable="true"
20        android:fullBackupContent="@xml/backup_descriptor"
20-->src\main\AndroidManifest.xml:8:9-59
21        android:icon="@mipmap/ic_launcher"
21-->src\main\AndroidManifest.xml:9:9-43
22        android:label="@string/app_name"
22-->src\main\AndroidManifest.xml:10:9-41
23        android:roundIcon="@mipmap/ic_launcher_round"
23-->src\main\AndroidManifest.xml:11:9-54
24        android:supportsRtl="true"
24-->src\main\AndroidManifest.xml:12:9-35
25        android:testOnly="true"
26        android:theme="@style/AppTheme" >
26-->src\main\AndroidManifest.xml:13:9-40
27        <activity android:name="com.example.accountauthenticationdemo.LoggedInActivity" />
27-->src\main\AndroidManifest.xml:14:9-63
27-->src\main\AndroidManifest.xml:14:19-51
28        <activity android:name="com.example.accountauthenticationdemo.MainActivity" >
28-->src\main\AndroidManifest.xml:15:9-21:20
28-->src\main\AndroidManifest.xml:15:19-47
29            <intent-filter>
29-->src\main\AndroidManifest.xml:16:13-20:29
30                <action android:name="android.intent.action.MAIN" />
30-->src\main\AndroidManifest.xml:17:17-69
30-->src\main\AndroidManifest.xml:17:25-66
31
32                <category android:name="android.intent.category.LAUNCHER" />
32-->src\main\AndroidManifest.xml:19:17-77
32-->src\main\AndroidManifest.xml:19:27-74
33            </intent-filter>
34        </activity>
35        <activity
35-->[com.google.firebase:firebase-auth:19.3.1] AndroidManifest.xml:24:9-31:50
36            android:name="com.google.firebase.auth.internal.FederatedSignInActivity"
36-->[com.google.firebase:firebase-auth:19.3.1] AndroidManifest.xml:25:13-85
37            android:excludeFromRecents="true"
37-->[com.google.firebase:firebase-auth:19.3.1] AndroidManifest.xml:26:13-46
38            android:exported="true"
38-->[com.google.firebase:firebase-auth:19.3.1] AndroidManifest.xml:27:13-36
39            android:launchMode="singleTask"
39-->[com.google.firebase:firebase-auth:19.3.1] AndroidManifest.xml:28:13-44
40            android:permission="com.google.firebase.auth.api.gms.permission.LAUNCH_FEDERATED_SIGN_IN"
40-->[com.google.firebase:firebase-auth:19.3.1] AndroidManifest.xml:29:13-102
41            android:theme="@android:style/Theme.Translucent.NoTitleBar" />
41-->[com.google.firebase:firebase-auth:19.3.1] AndroidManifest.xml:30:13-72
42
43        <service
43-->[com.google.firebase:firebase-auth:19.3.1] AndroidManifest.xml:33:9-39:19
44            android:name="com.google.firebase.components.ComponentDiscoveryService"
44-->[com.google.firebase:firebase-auth:19.3.1] AndroidManifest.xml:34:13-84
45            android:directBootAware="true"
45-->[com.google.firebase:firebase-common:19.3.0] AndroidManifest.xml:34:13-43
46            android:exported="false" >
46-->[com.google.firebase:firebase-auth:19.3.1] AndroidManifest.xml:35:13-37
47            <meta-data
47-->[com.google.firebase:firebase-auth:19.3.1] AndroidManifest.xml:36:13-38:85
48                android:name="com.google.firebase.components:com.google.firebase.auth.FirebaseAuthRegistrar"
48-->[com.google.firebase:firebase-auth:19.3.1] AndroidManifest.xml:37:17-109
49                android:value="com.google.firebase.components.ComponentRegistrar" />
49-->[com.google.firebase:firebase-auth:19.3.1] AndroidManifest.xml:38:17-82
50            <meta-data
50-->[com.google.android.gms:play-services-measurement-api:17.4.3] AndroidManifest.xml:30:13-32:85
51                android:name="com.google.firebase.components:com.google.firebase.analytics.connector.internal.AnalyticsConnectorRegistrar"
51-->[com.google.android.gms:play-services-measurement-api:17.4.3] AndroidManifest.xml:31:17-139
52                android:value="com.google.firebase.components.ComponentRegistrar" />
52-->[com.google.android.gms:play-services-measurement-api:17.4.3] AndroidManifest.xml:32:17-82
53            <meta-data
53-->[com.google.firebase:firebase-iid:20.1.5] AndroidManifest.xml:32:13-34:85
54                android:name="com.google.firebase.components:com.google.firebase.iid.Registrar"
54-->[com.google.firebase:firebase-iid:20.1.5] AndroidManifest.xml:33:17-96
55                android:value="com.google.firebase.components.ComponentRegistrar" />
55-->[com.google.firebase:firebase-iid:20.1.5] AndroidManifest.xml:34:17-82
56            <meta-data
56-->[com.google.firebase:firebase-installations:16.2.1] AndroidManifest.xml:17:13-19:85
57                android:name="com.google.firebase.components:com.google.firebase.installations.FirebaseInstallationsRegistrar"
57-->[com.google.firebase:firebase-installations:16.2.1] AndroidManifest.xml:18:17-127
58                android:value="com.google.firebase.components.ComponentRegistrar" />
58-->[com.google.firebase:firebase-installations:16.2.1] AndroidManifest.xml:19:17-82
59        </service>
60
61        <receiver
61-->[com.google.firebase:firebase-iid:20.1.5] AndroidManifest.xml:37:9-44:20
62            android:name="com.google.firebase.iid.FirebaseInstanceIdReceiver"
62-->[com.google.firebase:firebase-iid:20.1.5] AndroidManifest.xml:38:13-78
63            android:exported="true"
63-->[com.google.firebase:firebase-iid:20.1.5] AndroidManifest.xml:39:13-36
64            android:permission="com.google.android.c2dm.permission.SEND" >
64-->[com.google.firebase:firebase-iid:20.1.5] AndroidManifest.xml:40:13-73
65            <intent-filter>
65-->[com.google.firebase:firebase-iid:20.1.5] AndroidManifest.xml:41:13-43:29
66                <action android:name="com.google.android.c2dm.intent.RECEIVE" />
66-->[com.google.firebase:firebase-iid:20.1.5] AndroidManifest.xml:42:17-81
66-->[com.google.firebase:firebase-iid:20.1.5] AndroidManifest.xml:42:25-78
67            </intent-filter>
68        </receiver>
69
70        <activity
70-->[com.google.android.gms:play-services-base:17.1.0] AndroidManifest.xml:23:9-26:75
71            android:name="com.google.android.gms.common.api.GoogleApiActivity"
71-->[com.google.android.gms:play-services-base:17.1.0] AndroidManifest.xml:24:13-79
72            android:exported="false"
72-->[com.google.android.gms:play-services-base:17.1.0] AndroidManifest.xml:25:13-37
73            android:theme="@android:style/Theme.Translucent.NoTitleBar" />
73-->[com.google.android.gms:play-services-base:17.1.0] AndroidManifest.xml:26:13-72
74
75        <receiver
75-->[com.google.android.gms:play-services-measurement:17.4.3] AndroidManifest.xml:29:9-33:20
76            android:name="com.google.android.gms.measurement.AppMeasurementReceiver"
76-->[com.google.android.gms:play-services-measurement:17.4.3] AndroidManifest.xml:30:13-85
77            android:enabled="true"
77-->[com.google.android.gms:play-services-measurement:17.4.3] AndroidManifest.xml:31:13-35
78            android:exported="false" >
78-->[com.google.android.gms:play-services-measurement:17.4.3] AndroidManifest.xml:32:13-37
79        </receiver>
80
81        <service
81-->[com.google.android.gms:play-services-measurement:17.4.3] AndroidManifest.xml:35:9-38:40
82            android:name="com.google.android.gms.measurement.AppMeasurementService"
82-->[com.google.android.gms:play-services-measurement:17.4.3] AndroidManifest.xml:36:13-84
83            android:enabled="true"
83-->[com.google.android.gms:play-services-measurement:17.4.3] AndroidManifest.xml:37:13-35
84            android:exported="false" />
84-->[com.google.android.gms:play-services-measurement:17.4.3] AndroidManifest.xml:38:13-37
85        <service
85-->[com.google.android.gms:play-services-measurement:17.4.3] AndroidManifest.xml:39:9-43:72
86            android:name="com.google.android.gms.measurement.AppMeasurementJobService"
86-->[com.google.android.gms:play-services-measurement:17.4.3] AndroidManifest.xml:40:13-87
87            android:enabled="true"
87-->[com.google.android.gms:play-services-measurement:17.4.3] AndroidManifest.xml:41:13-35
88            android:exported="false"
88-->[com.google.android.gms:play-services-measurement:17.4.3] AndroidManifest.xml:42:13-37
89            android:permission="android.permission.BIND_JOB_SERVICE" />
89-->[com.google.android.gms:play-services-measurement:17.4.3] AndroidManifest.xml:43:13-69
90
91        <provider
91-->[com.google.firebase:firebase-common:19.3.0] AndroidManifest.xml:26:9-30:39
92            android:name="com.google.firebase.provider.FirebaseInitProvider"
92-->[com.google.firebase:firebase-common:19.3.0] AndroidManifest.xml:27:13-77
93            android:authorities="com.example.accountauthenticationdemo.firebaseinitprovider"
93-->[com.google.firebase:firebase-common:19.3.0] AndroidManifest.xml:28:13-72
94            android:exported="false"
94-->[com.google.firebase:firebase-common:19.3.0] AndroidManifest.xml:29:13-37
95            android:initOrder="100" />
95-->[com.google.firebase:firebase-common:19.3.0] AndroidManifest.xml:30:13-36
96
97        <meta-data
97-->[com.google.android.gms:play-services-basement:17.0.0] AndroidManifest.xml:23:9-25:69
98            android:name="com.google.android.gms.version"
98-->[com.google.android.gms:play-services-basement:17.0.0] AndroidManifest.xml:24:13-58
99            android:value="@integer/google_play_services_version" />
99-->[com.google.android.gms:play-services-basement:17.0.0] AndroidManifest.xml:25:13-66
100    </application>
101
102</manifest>